<?xml version="1.0" encoding="UTF-8"?>
<robot generator="Robot 3.2.2 (Python 3.8.0 on win32)" generated="20210320 21:52:12.689" rpa="false">
<suite id="s1" name="AddCustomer &amp; FirstTests">
<suite id="s1-s1" name="AddCustomer" source="D:\TasksTimer WKS\InetBank\tests\AddCustomer.robot">
<kw name="Log" library="BuiltIn" type="setup">
<doc>Logs the given message with the given level.</doc>
<arguments>
<arg>I m inside test suite Setup</arg>
</arguments>
<msg timestamp="20210320 21:52:13.135" level="INFO">I m inside test suite Setup</msg>
<status status="PASS" starttime="20210320 21:52:13.134" endtime="20210320 21:52:13.135"></status>
</kw>
<test id="s1-s1-t1" name="AddNewCustomer">
<kw name="Log" library="BuiltIn" type="setup">
<doc>Logs the given message with the given level.</doc>
<arguments>
<arg>I m inside test case setup</arg>
</arguments>
<msg timestamp="20210320 21:52:13.136" level="INFO">I m inside test case setup</msg>
<status status="PASS" starttime="20210320 21:52:13.136" endtime="20210320 21:52:13.136"></status>
</kw>
<kw name="LoginKW">
<kw name="Open Browser" library="SeleniumLibrary">
<doc>Opens a new browser instance to the optional ``url``.</doc>
<arguments>
<arg>${Url}</arg>
<arg>chrome</arg>
</arguments>
<msg timestamp="20210320 21:52:13.138" level="INFO">Opening browser 'chrome' to base url 'http://demo.guru99.com/v4/index.php'.</msg>
<status status="PASS" starttime="20210320 21:52:13.137" endtime="20210320 21:52:22.461"></status>
</kw>
<kw name="Set Browser Implicit Wait" library="SeleniumLibrary">
<doc>Sets the implicit wait value used by Selenium.</doc>
<arguments>
<arg>5</arg>
</arguments>
<status status="PASS" starttime="20210320 21:52:22.462" endtime="20210320 21:52:22.465"></status>
</kw>
<kw name="Input Text" library="SeleniumLibrary">
<doc>Types the given ``text`` into the text field identified by ``locator``.</doc>
<arguments>
<arg>name=uid</arg>
<arg>@{key}[0]</arg>
</arguments>
<msg timestamp="20210320 21:52:22.465" level="WARN">Accessing variable items using '@{key}[0]' syntax is deprecated. Use '${key}[0]' instead.</msg>
<msg timestamp="20210320 21:52:22.490" level="INFO">Typing text 'mngr315366' into text field 'name=uid'.</msg>
<status status="PASS" starttime="20210320 21:52:22.465" endtime="20210320 21:52:22.658"></status>
</kw>
<kw name="Input Password" library="SeleniumLibrary">
<doc>Types the given password into the text field identified by ``locator``.</doc>
<arguments>
<arg>name=password</arg>
<arg>@{key}[1]</arg>
</arguments>
<msg timestamp="20210320 21:52:22.659" level="WARN">Accessing variable items using '@{key}[1]' syntax is deprecated. Use '${key}[1]' instead.</msg>
<msg timestamp="20210320 21:52:22.661" level="INFO">Typing password into text field 'name=password'.</msg>
<msg timestamp="20210320 21:52:22.735" level="INFO">Temporally setting log level to: NONE</msg>
<msg timestamp="20210320 21:52:22.818" level="INFO">Log level changed from NONE to INFO.</msg>
<status status="PASS" starttime="20210320 21:52:22.658" endtime="20210320 21:52:22.818"></status>
</kw>
<kw name="Click Button" library="SeleniumLibrary">
<doc>Clicks the button identified by ``locator``.</doc>
<arguments>
<arg>name=btnLogin</arg>
</arguments>
<msg timestamp="20210320 21:52:22.819" level="INFO">Clicking button 'name=btnLogin'.</msg>
<status status="PASS" starttime="20210320 21:52:22.819" endtime="20210320 21:52:23.882"></status>
</kw>
<status status="PASS" starttime="20210320 21:52:13.137" endtime="20210320 21:52:23.883"></status>
</kw>
<kw name="Click Element" library="SeleniumLibrary">
<doc>Click the element identified by ``locator``.</doc>
<arguments>
<arg>link=New Customer</arg>
</arguments>
<msg timestamp="20210320 21:52:23.884" level="INFO">Clicking element 'link=New Customer'.</msg>
<status status="PASS" starttime="20210320 21:52:23.883" endtime="20210320 21:52:24.545"></status>
</kw>
<kw name="Input Text" library="SeleniumLibrary">
<doc>Types the given ``text`` into the text field identified by ``locator``.</doc>
<arguments>
<arg>name=name</arg>
<arg>Ahmed</arg>
</arguments>
<msg timestamp="20210320 21:52:24.547" level="INFO">Typing text 'Ahmed' into text field 'name=name'.</msg>
<status status="PASS" starttime="20210320 21:52:24.546" endtime="20210320 21:52:24.705"></status>
</kw>
<kw name="Click Element" library="SeleniumLibrary">
<doc>Click the element identified by ``locator``.</doc>
<arguments>
<arg>name=rad1</arg>
</arguments>
<msg timestamp="20210320 21:52:24.706" level="INFO">Clicking element 'name=rad1'.</msg>
<status status="PASS" starttime="20210320 21:52:24.705" endtime="20210320 21:52:24.848"></status>
</kw>
<kw name="Input Text" library="SeleniumLibrary">
<doc>Types the given ``text`` into the text field identified by ``locator``.</doc>
<arguments>
<arg>name=dob</arg>
<arg>12</arg>
</arguments>
<msg timestamp="20210320 21:52:24.849" level="INFO">Typing text '12' into text field 'name=dob'.</msg>
<status status="PASS" starttime="20210320 21:52:24.849" endtime="20210320 21:52:24.987"></status>
</kw>
<kw name="Input Text" library="SeleniumLibrary">
<doc>Types the given ``text`` into the text field identified by ``locator``.</doc>
<arguments>
<arg>name=dob</arg>
<arg>12</arg>
</arguments>
<msg timestamp="20210320 21:52:24.988" level="INFO">Typing text '12' into text field 'name=dob'.</msg>
<status status="PASS" starttime="20210320 21:52:24.987" endtime="20210320 21:52:25.062"></status>
</kw>
<kw name="Input Text" library="SeleniumLibrary">
<doc>Types the given ``text`` into the text field identified by ``locator``.</doc>
<arguments>
<arg>name=dob</arg>
<arg>2020</arg>
</arguments>
<msg timestamp="20210320 21:52:25.063" level="INFO">Typing text '2020' into text field 'name=dob'.</msg>
<status status="PASS" starttime="20210320 21:52:25.063" endtime="20210320 21:52:25.133"></status>
</kw>
<kw name="Input Text" library="SeleniumLibrary">
<doc>Types the given ``text`` into the text field identified by ``locator``.</doc>
<arguments>
<arg>name=addr</arg>
<arg>From My Lovely Tunisia</arg>
</arguments>
<msg timestamp="20210320 21:52:25.133" level="INFO">Typing text 'From My Lovely Tunisia' into text field 'name=addr'.</msg>
<status status="PASS" starttime="20210320 21:52:25.133" endtime="20210320 21:52:25.307"></status>
</kw>
<kw name="Input Text" library="SeleniumLibrary">
<doc>Types the given ``text`` into the text field identified by ``locator``.</doc>
<arguments>
<arg>name=city</arg>
<arg>Tunis</arg>
</arguments>
<msg timestamp="20210320 21:52:25.308" level="INFO">Typing text 'Tunis' into text field 'name=city'.</msg>
<status status="PASS" starttime="20210320 21:52:25.307" endtime="20210320 21:52:25.463"></status>
</kw>
<kw name="Input Text" library="SeleniumLibrary">
<doc>Types the given ``text`` into the text field identified by ``locator``.</doc>
<arguments>
<arg>name=state</arg>
<arg>Tunis</arg>
</arguments>
<msg timestamp="20210320 21:52:25.464" level="INFO">Typing text 'Tunis' into text field 'name=state'.</msg>
<status status="PASS" starttime="20210320 21:52:25.464" endtime="20210320 21:52:25.617"></status>
</kw>
<kw name="Input Text" library="SeleniumLibrary">
<doc>Types the given ``text`` into the text field identified by ``locator``.</doc>
<arguments>
<arg>name=pinno</arg>
<arg>123211</arg>
</arguments>
<msg timestamp="20210320 21:52:25.618" level="INFO">Typing text '123211' into text field 'name=pinno'.</msg>
<status status="PASS" starttime="20210320 21:52:25.618" endtime="20210320 21:52:25.798"></status>
</kw>
<kw name="Input Text" library="SeleniumLibrary">
<doc>Types the given ``text`` into the text field identified by ``locator``.</doc>
<arguments>
<arg>name=telephoneno</arg>
<arg>53376894</arg>
</arguments>
<msg timestamp="20210320 21:52:25.799" level="INFO">Typing text '53376894' into text field 'name=telephoneno'.</msg>
<status status="PASS" starttime="20210320 21:52:25.799" endtime="20210320 21:52:25.965"></status>
</kw>
<kw name="Input Text" library="SeleniumLibrary">
<doc>Types the given ``text`` into the text field identified by ``locator``.</doc>
<arguments>
<arg>name=emailid</arg>
<arg>guesmi13@gmail.com</arg>
</arguments>
<msg timestamp="20210320 21:52:25.966" level="INFO">Typing text 'guesmi13@gmail.com' into text field 'name=emailid'.</msg>
<status status="PASS" starttime="20210320 21:52:25.966" endtime="20210320 21:52:26.186"></status>
</kw>
<kw name="Input Password" library="SeleniumLibrary">
<doc>Types the given password into the text field identified by ``locator``.</doc>
<arguments>
<arg>name=password</arg>
<arg>1234564</arg>
</arguments>
<msg timestamp="20210320 21:52:26.187" level="INFO">Typing password into text field 'name=password'.</msg>
<msg timestamp="20210320 21:52:26.271" level="INFO">Temporally setting log level to: NONE</msg>
<msg timestamp="20210320 21:52:26.359" level="INFO">Log level changed from NONE to INFO.</msg>
<status status="PASS" starttime="20210320 21:52:26.186" endtime="20210320 21:52:26.359"></status>
</kw>
<kw name="Sleep" library="BuiltIn">
<doc>Pauses the test executed for the given time.</doc>
<arguments>
<arg>5</arg>
</arguments>
<msg timestamp="20210320 21:52:31.360" level="INFO">Slept 5 seconds</msg>
<status status="PASS" starttime="20210320 21:52:26.359" endtime="20210320 21:52:31.360"></status>
</kw>
<kw name="Click Button" library="SeleniumLibrary">
<doc>Clicks the button identified by ``locator``.</doc>
<arguments>
<arg>name=sub</arg>
</arguments>
<msg timestamp="20210320 21:52:31.361" level="INFO">Clicking button 'name=sub'.</msg>
<status status="PASS" starttime="20210320 21:52:31.361" endtime="20210320 21:52:31.726"></status>
</kw>
<kw name="Sleep" library="BuiltIn">
<doc>Pauses the test executed for the given time.</doc>
<arguments>
<arg>5</arg>
</arguments>
<msg timestamp="20210320 21:52:36.727" level="INFO">Slept 5 seconds</msg>
<status status="PASS" starttime="20210320 21:52:31.726" endtime="20210320 21:52:36.727"></status>
</kw>
<kw name="Current Frame Should Contain" library="SeleniumLibrary">
<doc>Verifies that the current frame contains ``text``.</doc>
<arguments>
<arg>Successfully</arg>
</arguments>
<kw name="Capture Page Screenshot" library="SeleniumLibrary">
<doc>Takes a screenshot of the current page and embeds it into a log file.</doc>
<msg timestamp="20210320 21:52:39.158" level="INFO" html="yes">&lt;/td&gt;&lt;/tr&gt;&lt;tr&gt;&lt;td colspan="3"&gt;&lt;a href="selenium-screenshot-12.png"&gt;&lt;img src="selenium-screenshot-12.png" width="800px"&gt;&lt;/a&gt;</msg>
<status status="PASS" starttime="20210320 21:52:38.280" endtime="20210320 21:52:39.158"></status>
</kw>
<msg timestamp="20210320 21:52:39.244" level="FAIL">UnexpectedAlertPresentException: Alert Text: Email Address Already Exist !!
Message: unexpected alert open: {Alert text : Email Address Already Exist !!}
  (Session info: chrome=89.0.4389.82)
</msg>
<status status="FAIL" starttime="20210320 21:52:38.251" endtime="20210320 21:52:39.244"></status>
</kw>
<kw name="Log" library="BuiltIn" type="teardown">
<doc>Logs the given message with the given level.</doc>
<arguments>
<arg>I M inside test case teardown</arg>
</arguments>
<msg timestamp="20210320 21:52:39.246" level="INFO">I M inside test case teardown</msg>
<status status="PASS" starttime="20210320 21:52:39.245" endtime="20210320 21:52:39.246"></status>
</kw>
<tags>
<tag>regression1</tag>
</tags>
<status status="FAIL" starttime="20210320 21:52:13.135" endtime="20210320 21:52:39.246" critical="yes">UnexpectedAlertPresentException: Alert Text: Email Address Already Exist !!
Message: unexpected alert open: {Alert text : Email Address Already Exist !!}
  (Session info: chrome=89.0.4389.82)
</status>
</test>
<kw name="Log" library="BuiltIn" type="teardown">
<doc>Logs the given message with the given level.</doc>
<arguments>
<arg>I m inside test suite Teardown</arg>
</arguments>
<msg timestamp="20210320 21:52:39.248" level="INFO">I m inside test suite Teardown</msg>
<status status="PASS" starttime="20210320 21:52:39.248" endtime="20210320 21:52:39.248"></status>
</kw>
<status status="FAIL" starttime="20210320 21:52:12.786" endtime="20210320 21:52:39.249"></status>
</suite>
<suite id="s1-s2" name="FirstTests" source="D:\TasksTimer WKS\InetBank\tests\FirstTests.robot">
<kw name="Log" library="BuiltIn" type="setup">
<doc>Logs the given message with the given level.</doc>
<arguments>
<arg>I m inside test suite Setup</arg>
</arguments>
<msg timestamp="20210320 21:52:39.261" level="INFO">I m inside test suite Setup</msg>
<status status="PASS" starttime="20210320 21:52:39.261" endtime="20210320 21:52:39.261"></status>
</kw>
<test id="s1-s2-t1" name="LoginTest">
<kw name="Log" library="BuiltIn" type="setup">
<doc>Logs the given message with the given level.</doc>
<arguments>
<arg>I m inside test case setup</arg>
</arguments>
<msg timestamp="20210320 21:52:39.263" level="INFO">I m inside test case setup</msg>
<status status="PASS" starttime="20210320 21:52:39.262" endtime="20210320 21:52:39.263"></status>
</kw>
<kw name="Open Browser" library="SeleniumLibrary">
<doc>Opens a new browser instance to the optional ``url``.</doc>
<arguments>
<arg>${Url}</arg>
<arg>chrome</arg>
</arguments>
<msg timestamp="20210320 21:52:39.264" level="INFO">Opening browser 'chrome' to base url 'http://demo.guru99.com/v4/index.php'.</msg>
<status status="PASS" starttime="20210320 21:52:39.263" endtime="20210320 21:52:54.053"></status>
</kw>
<kw name="Set Browser Implicit Wait" library="SeleniumLibrary">
<doc>Sets the implicit wait value used by Selenium.</doc>
<arguments>
<arg>5</arg>
</arguments>
<status status="PASS" starttime="20210320 21:52:54.054" endtime="20210320 21:52:54.056"></status>
</kw>
<kw name="Input Text" library="SeleniumLibrary">
<doc>Types the given ``text`` into the text field identified by ``locator``.</doc>
<arguments>
<arg>name=uid</arg>
<arg>@{key}[0]</arg>
</arguments>
<msg timestamp="20210320 21:52:54.057" level="WARN">Accessing variable items using '@{key}[0]' syntax is deprecated. Use '${key}[0]' instead.</msg>
<msg timestamp="20210320 21:52:54.058" level="INFO">Typing text 'mngr315366' into text field 'name=uid'.</msg>
<status status="PASS" starttime="20210320 21:52:54.057" endtime="20210320 21:52:54.241"></status>
</kw>
<kw name="Input Password" library="SeleniumLibrary">
<doc>Types the given password into the text field identified by ``locator``.</doc>
<arguments>
<arg>name=password</arg>
<arg>@{key}[1]</arg>
</arguments>
<msg timestamp="20210320 21:52:54.242" level="WARN">Accessing variable items using '@{key}[1]' syntax is deprecated. Use '${key}[1]' instead.</msg>
<msg timestamp="20210320 21:52:54.243" level="INFO">Typing password into text field 'name=password'.</msg>
<msg timestamp="20210320 21:52:54.320" level="INFO">Temporally setting log level to: NONE</msg>
<msg timestamp="20210320 21:52:54.408" level="INFO">Log level changed from NONE to INFO.</msg>
<status status="PASS" starttime="20210320 21:52:54.242" endtime="20210320 21:52:54.408"></status>
</kw>
<kw name="Click Button" library="SeleniumLibrary">
<doc>Clicks the button identified by ``locator``.</doc>
<arguments>
<arg>name=btnLogin</arg>
</arguments>
<msg timestamp="20210320 21:52:54.409" level="INFO">Clicking button 'name=btnLogin'.</msg>
<status status="PASS" starttime="20210320 21:52:54.408" endtime="20210320 21:52:55.839"></status>
</kw>
<kw name="Click Element" library="SeleniumLibrary">
<doc>Click the element identified by ``locator``.</doc>
<arguments>
<arg>link=New Customer</arg>
</arguments>
<msg timestamp="20210320 21:52:55.841" level="INFO">Clicking element 'link=New Customer'.</msg>
<status status="PASS" starttime="20210320 21:52:55.840" endtime="20210320 21:52:56.940"></status>
</kw>
<kw name="Sleep" library="BuiltIn">
<doc>Pauses the test executed for the given time.</doc>
<arguments>
<arg>5</arg>
</arguments>
<msg timestamp="20210320 21:53:01.941" level="INFO">Slept 5 seconds</msg>
<status status="PASS" starttime="20210320 21:52:56.941" endtime="20210320 21:53:01.941"></status>
</kw>
<kw name="Close Browser" library="SeleniumLibrary">
<doc>Closes the current browser.</doc>
<status status="PASS" starttime="20210320 21:53:01.942" endtime="20210320 21:53:16.432"></status>
</kw>
<kw name="Log" library="BuiltIn">
<doc>Logs the given message with the given level.</doc>
<arguments>
<arg>this test case was executed by %{username} on %{os}</arg>
</arguments>
<msg timestamp="20210320 21:53:16.434" level="INFO">this test case was executed by Abdou on Windows_NT</msg>
<status status="PASS" starttime="20210320 21:53:16.433" endtime="20210320 21:53:16.434"></status>
</kw>
<kw name="Log" library="BuiltIn" type="teardown">
<doc>Logs the given message with the given level.</doc>
<arguments>
<arg>I M inside test case teardown</arg>
</arguments>
<msg timestamp="20210320 21:53:16.435" level="INFO">I M inside test case teardown</msg>
<status status="PASS" starttime="20210320 21:53:16.435" endtime="20210320 21:53:16.435"></status>
</kw>
<tags>
<tag>sanity</tag>
</tags>
<status status="PASS" starttime="20210320 21:52:39.262" endtime="20210320 21:53:16.435" critical="yes"></status>
</test>
<kw name="Log" library="BuiltIn" type="teardown">
<doc>Logs the given message with the given level.</doc>
<arguments>
<arg>I m inside test suite Teardown</arg>
</arguments>
<msg timestamp="20210320 21:53:16.437" level="INFO">I m inside test suite Teardown</msg>
<status status="PASS" starttime="20210320 21:53:16.437" endtime="20210320 21:53:16.437"></status>
</kw>
<status status="PASS" starttime="20210320 21:52:39.252" endtime="20210320 21:53:16.437"></status>
</suite>
<status status="FAIL" starttime="20210320 21:52:12.692" endtime="20210320 21:53:16.440"></status>
</suite>
<statistics>
<total>
<stat pass="1" fail="1">Critical Tests</stat>
<stat pass="1" fail="1">All Tests</stat>
</total>
<tag>
<stat pass="0" fail="1">regression1</stat>
<stat pass="1" fail="0">sanity</stat>
</tag>
<suite>
<stat pass="1" fail="1" id="s1" name="AddCustomer &amp; FirstTests">AddCustomer &amp; FirstTests</stat>
<stat pass="0" fail="1" id="s1-s1" name="AddCustomer">AddCustomer &amp; FirstTests.AddCustomer</stat>
<stat pass="1" fail="0" id="s1-s2" name="FirstTests">AddCustomer &amp; FirstTests.FirstTests</stat>
</suite>
</statistics>
<errors>
<msg timestamp="20210320 21:52:22.465" level="WARN">Accessing variable items using '@{key}[0]' syntax is deprecated. Use '${key}[0]' instead.</msg>
<msg timestamp="20210320 21:52:22.659" level="WARN">Accessing variable items using '@{key}[1]' syntax is deprecated. Use '${key}[1]' instead.</msg>
<msg timestamp="20210320 21:52:54.057" level="WARN">Accessing variable items using '@{key}[0]' syntax is deprecated. Use '${key}[0]' instead.</msg>
<msg timestamp="20210320 21:52:54.242" level="WARN">Accessing variable items using '@{key}[1]' syntax is deprecated. Use '${key}[1]' instead.</msg>
</errors>
</robot>
